Build started 21.2.2019. 11.27.15.
     1>Project "D:\git\openProject\basicFileOperation\basicFileOperation\basicFileOperation.vcxproj" on node 2 (build target(s)).
     1>InitializeBuildStatus:
         Creating "Debug\basicFileOperation.unsuccessfulbuild" because "AlwaysCreate" was specified.
       ClCompile:
         c:\Program Files (x86)\Microsoft Visual Studio 10.0\VC\bin\CL.exe /c /ZI /nologo /W3 /WX- /Od /Oy- /D WIN32 /D _DEBUG /D _CONSOLE /D _UNICODE /D UNICODE /Gm /EHsc /RTC1 /MDd /GS /fp:precise /Zc:wchar_t /Zc:forScope /Fo"Debug\\" /Fd"Debug\vc100.pdb" /Gd /TP /analyze- /errorReport:prompt basicFileOperation.cpp
         basicFileOperation.cpp
       ManifestResourceCompile:
         C:\Program Files (x86)\Microsoft SDKs\Windows\v7.0A\bin\rc.exe /nologo /fo"Debug\basicFileOperation.exe.embed.manifest.res" Debug\basicFileOperation_manifest.rc 
       Link:
         c:\Program Files (x86)\Microsoft Visual Studio 10.0\VC\bin\link.exe /ERRORREPORT:PROMPT /OUT:"D:\git\openProject\basicFileOperation\Debug\basicFileOperation.exe" /INCREMENTAL /NOLOGO kernel32.lib user32.lib gdi32.lib winspool.lib comdlg32.lib advapi32.lib shell32.lib ole32.lib oleaut32.lib uuid.lib odbc32.lib odbccp32.lib /MANIFEST /ManifestFile:"Debug\basicFileOperation.exe.intermediate.manifest" /MANIFESTUAC:"level='asInvoker' uiAccess='false'" /DEBUG /PDB:"D:\git\openProject\basicFileOperation\Debug\basicFileOperation.pdb" /SUBSYSTEM:CONSOLE /TLBID:1 /DYNAMICBASE /NXCOMPAT /IMPLIB:"D:\git\openProject\basicFileOperation\Debug\basicFileOperation.lib" /MACHINE:X86 Debug\basicFileOperation.exe.embed.manifest.res
         Debug\basicFileOperation.obj
       Manifest:
         C:\Program Files (x86)\Microsoft SDKs\Windows\v7.0A\bin\mt.exe /nologo /verbose /out:"Debug\basicFileOperation.exe.embed.manifest" /manifest Debug\basicFileOperation.exe.intermediate.manifest
         All outputs are up-to-date.
       LinkEmbedManifest:
         All outputs are up-to-date.
         basicFileOperation.vcxproj -> D:\git\openProject\basicFileOperation\Debug\basicFileOperation.exe
       FinalizeBuildStatus:
         Deleting file "Debug\basicFileOperation.unsuccessfulbuild".
         Touching "Debug\basicFileOperation.lastbuildstate".
     1>Done Building Project "D:\git\openProject\basicFileOperation\basicFileOperation\basicFileOperation.vcxproj" (build target(s)).

Build succeeded.

Time Elapsed 00:00:02.17
